  FinalCube.cpp
X:\Studium\Wintersemester23_24\Spielekonsolenprogrammierung\RubiksCube\FinalCube.cpp(210,12): warning C4244: 'initializing': conversion from 'float' to 'int', possible loss of data
X:\Studium\Wintersemester23_24\Spielekonsolenprogrammierung\RubiksCube\FinalCube.cpp(211,12): warning C4244: 'initializing': conversion from 'float' to 'int', possible loss of data
X:\Studium\Wintersemester23_24\Spielekonsolenprogrammierung\RubiksCube\FinalCube.cpp(212,12): warning C4244: 'initializing': conversion from 'float' to 'int', possible loss of data
X:\Studium\Wintersemester23_24\Spielekonsolenprogrammierung\RubiksCube\FinalCube.cpp(190): warning C4715: 'FinalCube::GetRotationMatrix': not all control paths return a value
glew32s.lib(glew.obj) : warning LNK4099: PDB '' was not found with 'glew32s.lib(glew.obj)' or at ''; linking object as if no debug info
LINK : warning LNK4098: defaultlib 'MSVCRT' conflicts with use of other libs; use /NODEFAULTLIB:library
LINK : warning LNK4098: defaultlib 'LIBCMT' conflicts with use of other libs; use /NODEFAULTLIB:library
LINK : warning LNK4217: symbol '__glewBindBuffer' defined in 'glew32s.lib(glew.obj)' is imported by 'CubieRenderer.obj' in function '"public: void __cdecl CubieRenderer::Initialize(void)" (?Initialize@CubieRenderer@@QEAAXXZ)'
LINK : warning LNK4286: symbol '__glewBindBuffer' defined in 'glew32s.lib(glew.obj)' is imported by 'SimpleCubieRenderer.obj'
LINK : warning LNK4286: symbol '__glewBindBuffer' defined in 'glew32s.lib(glew.obj)' is imported by 'TestTexture.obj'
LINK : warning LNK4286: symbol '__glewBindBuffer' defined in 'glew32s.lib(glew.obj)' is imported by 'TestTriangle.obj'
LINK : warning LNK4217: symbol '__glewBufferData' defined in 'glew32s.lib(glew.obj)' is imported by 'CubieRenderer.obj' in function '"public: void __cdecl CubieRenderer::Initialize(void)" (?Initialize@CubieRenderer@@QEAAXXZ)'
LINK : warning LNK4286: symbol '__glewBufferData' defined in 'glew32s.lib(glew.obj)' is imported by 'SimpleCubieRenderer.obj'
LINK : warning LNK4286: symbol '__glewBufferData' defined in 'glew32s.lib(glew.obj)' is imported by 'TestTexture.obj'
LINK : warning LNK4286: symbol '__glewBufferData' defined in 'glew32s.lib(glew.obj)' is imported by 'TestTriangle.obj'
LINK : warning LNK4217: symbol '__glewDeleteBuffers' defined in 'glew32s.lib(glew.obj)' is imported by 'CubieRenderer.obj' in function '"public: void __cdecl CubieRenderer::ClearResources(void)" (?ClearResources@CubieRenderer@@QEAAXXZ)'
LINK : warning LNK4286: symbol '__glewDeleteBuffers' defined in 'glew32s.lib(glew.obj)' is imported by 'SimpleCubieRenderer.obj'
LINK : warning LNK4286: symbol '__glewDeleteBuffers' defined in 'glew32s.lib(glew.obj)' is imported by 'TestTexture.obj'
LINK : warning LNK4286: symbol '__glewDeleteBuffers' defined in 'glew32s.lib(glew.obj)' is imported by 'TestTriangle.obj'
LINK : warning LNK4217: symbol '__glewGenBuffers' defined in 'glew32s.lib(glew.obj)' is imported by 'CubieRenderer.obj' in function '"public: void __cdecl CubieRenderer::Initialize(void)" (?Initialize@CubieRenderer@@QEAAXXZ)'
LINK : warning LNK4286: symbol '__glewGenBuffers' defined in 'glew32s.lib(glew.obj)' is imported by 'SimpleCubieRenderer.obj'
LINK : warning LNK4286: symbol '__glewGenBuffers' defined in 'glew32s.lib(glew.obj)' is imported by 'TestTexture.obj'
LINK : warning LNK4286: symbol '__glewGenBuffers' defined in 'glew32s.lib(glew.obj)' is imported by 'TestTriangle.obj'
LINK : warning LNK4217: symbol '__glewDeleteProgram' defined in 'glew32s.lib(glew.obj)' is imported by 'CubieRenderer.obj' in function '"public: void __cdecl CubieRenderer::ClearResources(void)" (?ClearResources@CubieRenderer@@QEAAXXZ)'
LINK : warning LNK4286: symbol '__glewDeleteProgram' defined in 'glew32s.lib(glew.obj)' is imported by 'SimpleCubieRenderer.obj'
LINK : warning LNK4286: symbol '__glewDeleteProgram' defined in 'glew32s.lib(glew.obj)' is imported by 'TestTexture.obj'
LINK : warning LNK4286: symbol '__glewDeleteProgram' defined in 'glew32s.lib(glew.obj)' is imported by 'TestTriangle.obj'
LINK : warning LNK4217: symbol '__glewEnableVertexAttribArray' defined in 'glew32s.lib(glew.obj)' is imported by 'CubieRenderer.obj' in function '"public: void __cdecl CubieRenderer::Initialize(void)" (?Initialize@CubieRenderer@@QEAAXXZ)'
LINK : warning LNK4286: symbol '__glewEnableVertexAttribArray' defined in 'glew32s.lib(glew.obj)' is imported by 'SimpleCubieRenderer.obj'
LINK : warning LNK4217: symbol '__glewEnableVertexAttribArray' defined in 'glew32s.lib(glew.obj)' is imported by 'TestTexture.obj' in function '"int __cdecl stbi__decode_jpeg_header(struct stbi__jpeg *,int)" (?stbi__decode_jpeg_header@@YAHPEAUstbi__jpeg@@H@Z)'
LINK : warning LNK4286: symbol '__glewEnableVertexAttribArray' defined in 'glew32s.lib(glew.obj)' is imported by 'TestTriangle.obj'
LINK : warning LNK4217: symbol '__glewGetUniformLocation' defined in 'glew32s.lib(glew.obj)' is imported by 'CubieRenderer.obj' in function '"public: void __cdecl CubieRenderer::Initialize(void)" (?Initialize@CubieRenderer@@QEAAXXZ)'
LINK : warning LNK4286: symbol '__glewGetUniformLocation' defined in 'glew32s.lib(glew.obj)' is imported by 'SimpleCubieRenderer.obj'
LINK : warning LNK4286: symbol '__glewGetUniformLocation' defined in 'glew32s.lib(glew.obj)' is imported by 'TestTexture.obj'
LINK : warning LNK4286: symbol '__glewGetUniformLocation' defined in 'glew32s.lib(glew.obj)' is imported by 'TestTriangle.obj'
LINK : warning LNK4217: symbol '__glewUniformMatrix4fv' defined in 'glew32s.lib(glew.obj)' is imported by 'CubieRenderer.obj' in function '"public: void __cdecl CubieRenderer::Render(struct glm::mat<4,4,float,0> const &)" (?Render@CubieRenderer@@QEAAXAEBU?$mat@$03$03M$0A@@glm@@@Z)'
LINK : warning LNK4286: symbol '__glewUniformMatrix4fv' defined in 'glew32s.lib(glew.obj)' is imported by 'SimpleCubieRenderer.obj'
LINK : warning LNK4217: symbol '__glewUniformMatrix4fv' defined in 'glew32s.lib(glew.obj)' is imported by 'TestTexture.obj' in function '"int __cdecl stbi__decode_jpeg_image(struct stbi__jpeg *)" (?stbi__decode_jpeg_image@@YAHPEAUstbi__jpeg@@@Z)'
LINK : warning LNK4286: symbol '__glewUniformMatrix4fv' defined in 'glew32s.lib(glew.obj)' is imported by 'TestTriangle.obj'
LINK : warning LNK4217: symbol '__glewUseProgram' defined in 'glew32s.lib(glew.obj)' is imported by 'CubieRenderer.obj' in function '"public: void __cdecl CubieRenderer::Render(struct glm::mat<4,4,float,0> const &)" (?Render@CubieRenderer@@QEAAXAEBU?$mat@$03$03M$0A@@glm@@@Z)'
LINK : warning LNK4286: symbol '__glewUseProgram' defined in 'glew32s.lib(glew.obj)' is imported by 'SimpleCubieRenderer.obj'
LINK : warning LNK4286: symbol '__glewUseProgram' defined in 'glew32s.lib(glew.obj)' is imported by 'TestTexture.obj'
LINK : warning LNK4286: symbol '__glewUseProgram' defined in 'glew32s.lib(glew.obj)' is imported by 'TestTriangle.obj'
LINK : warning LNK4217: symbol '__glewVertexAttribPointer' defined in 'glew32s.lib(glew.obj)' is imported by 'CubieRenderer.obj' in function '"public: void __cdecl CubieRenderer::Initialize(void)" (?Initialize@CubieRenderer@@QEAAXXZ)'
LINK : warning LNK4286: symbol '__glewVertexAttribPointer' defined in 'glew32s.lib(glew.obj)' is imported by 'SimpleCubieRenderer.obj'
LINK : warning LNK4217: symbol '__glewVertexAttribPointer' defined in 'glew32s.lib(glew.obj)' is imported by 'TestTexture.obj' in function '"int __cdecl stbi__decode_jpeg_image(struct stbi__jpeg *)" (?stbi__decode_jpeg_image@@YAHPEAUstbi__jpeg@@@Z)'
LINK : warning LNK4286: symbol '__glewVertexAttribPointer' defined in 'glew32s.lib(glew.obj)' is imported by 'TestTriangle.obj'
LINK : warning LNK4217: symbol '__glewBindVertexArray' defined in 'glew32s.lib(glew.obj)' is imported by 'CubieRenderer.obj' in function '"public: void __cdecl CubieRenderer::Initialize(void)" (?Initialize@CubieRenderer@@QEAAXXZ)'
LINK : warning LNK4286: symbol '__glewBindVertexArray' defined in 'glew32s.lib(glew.obj)' is imported by 'SimpleCubieRenderer.obj'
LINK : warning LNK4286: symbol '__glewBindVertexArray' defined in 'glew32s.lib(glew.obj)' is imported by 'TestTexture.obj'
LINK : warning LNK4286: symbol '__glewBindVertexArray' defined in 'glew32s.lib(glew.obj)' is imported by 'TestTriangle.obj'
LINK : warning LNK4217: symbol '__glewDeleteVertexArrays' defined in 'glew32s.lib(glew.obj)' is imported by 'CubieRenderer.obj' in function '"public: void __cdecl CubieRenderer::ClearResources(void)" (?ClearResources@CubieRenderer@@QEAAXXZ)'
LINK : warning LNK4286: symbol '__glewDeleteVertexArrays' defined in 'glew32s.lib(glew.obj)' is imported by 'SimpleCubieRenderer.obj'
LINK : warning LNK4217: symbol '__glewDeleteVertexArrays' defined in 'glew32s.lib(glew.obj)' is imported by 'TestTexture.obj' in function '"int __cdecl stbi__decode_jpeg_image(struct stbi__jpeg *)" (?stbi__decode_jpeg_image@@YAHPEAUstbi__jpeg@@@Z)'
LINK : warning LNK4286: symbol '__glewDeleteVertexArrays' defined in 'glew32s.lib(glew.obj)' is imported by 'TestTriangle.obj'
LINK : warning LNK4217: symbol '__glewGenVertexArrays' defined in 'glew32s.lib(glew.obj)' is imported by 'CubieRenderer.obj' in function '"public: void __cdecl CubieRenderer::Initialize(void)" (?Initialize@CubieRenderer@@QEAAXXZ)'
LINK : warning LNK4286: symbol '__glewGenVertexArrays' defined in 'glew32s.lib(glew.obj)' is imported by 'SimpleCubieRenderer.obj'
LINK : warning LNK4217: symbol '__glewGenVertexArrays' defined in 'glew32s.lib(glew.obj)' is imported by 'TestTexture.obj' in function '"void __cdecl stbi__cleanup_jpeg(struct stbi__jpeg *)" (?stbi__cleanup_jpeg@@YAXPEAUstbi__jpeg@@@Z)'
LINK : warning LNK4286: symbol '__glewGenVertexArrays' defined in 'glew32s.lib(glew.obj)' is imported by 'TestTriangle.obj'
LINK : warning LNK4217: symbol '__glewAttachShader' defined in 'glew32s.lib(glew.obj)' is imported by 'ShaderUtil.obj' in function '"public: static unsigned int __cdecl ShaderUtil::CreateShaderProgram(char const *,char const *)" (?CreateShaderProgram@ShaderUtil@@SAIPEBD0@Z)'
LINK : warning LNK4217: symbol '__glewCompileShader' defined in 'glew32s.lib(glew.obj)' is imported by 'ShaderUtil.obj' in function '"public: static unsigned int __cdecl ShaderUtil::CreateShaderProgram(char const *,char const *)" (?CreateShaderProgram@ShaderUtil@@SAIPEBD0@Z)'
LINK : warning LNK4217: symbol '__glewCreateProgram' defined in 'glew32s.lib(glew.obj)' is imported by 'ShaderUtil.obj' in function '"public: static unsigned int __cdecl ShaderUtil::CreateShaderProgram(char const *,char const *)" (?CreateShaderProgram@ShaderUtil@@SAIPEBD0@Z)'
LINK : warning LNK4217: symbol '__glewCreateShader' defined in 'glew32s.lib(glew.obj)' is imported by 'ShaderUtil.obj' in function '"public: static unsigned int __cdecl ShaderUtil::CreateShaderProgram(char const *,char const *)" (?CreateShaderProgram@ShaderUtil@@SAIPEBD0@Z)'
LINK : warning LNK4217: symbol '__glewDeleteShader' defined in 'glew32s.lib(glew.obj)' is imported by 'ShaderUtil.obj' in function '"public: static unsigned int __cdecl ShaderUtil::CreateShaderProgram(char const *,char const *)" (?CreateShaderProgram@ShaderUtil@@SAIPEBD0@Z)'
LINK : warning LNK4217: symbol '__glewGetProgramInfoLog' defined in 'glew32s.lib(glew.obj)' is imported by 'ShaderUtil.obj' in function '"private: static void __cdecl ShaderUtil::PrintProgramLog(unsigned int)" (?PrintProgramLog@ShaderUtil@@CAXI@Z)'
LINK : warning LNK4217: symbol '__glewGetProgramiv' defined in 'glew32s.lib(glew.obj)' is imported by 'ShaderUtil.obj' in function '"public: static unsigned int __cdecl ShaderUtil::CreateShaderProgram(char const *,char const *)" (?CreateShaderProgram@ShaderUtil@@SAIPEBD0@Z)'
LINK : warning LNK4217: symbol '__glewGetShaderInfoLog' defined in 'glew32s.lib(glew.obj)' is imported by 'ShaderUtil.obj' in function '"private: static void __cdecl ShaderUtil::PrintShaderLog(unsigned int)" (?PrintShaderLog@ShaderUtil@@CAXI@Z)'
LINK : warning LNK4217: symbol '__glewGetShaderiv' defined in 'glew32s.lib(glew.obj)' is imported by 'ShaderUtil.obj' in function '"public: static unsigned int __cdecl ShaderUtil::CreateShaderProgram(char const *,char const *)" (?CreateShaderProgram@ShaderUtil@@SAIPEBD0@Z)'
LINK : warning LNK4217: symbol '__glewLinkProgram' defined in 'glew32s.lib(glew.obj)' is imported by 'ShaderUtil.obj' in function '"public: static unsigned int __cdecl ShaderUtil::CreateShaderProgram(char const *,char const *)" (?CreateShaderProgram@ShaderUtil@@SAIPEBD0@Z)'
LINK : warning LNK4217: symbol '__glewShaderSource' defined in 'glew32s.lib(glew.obj)' is imported by 'ShaderUtil.obj' in function '"public: static unsigned int __cdecl ShaderUtil::CreateShaderProgram(char const *,char const *)" (?CreateShaderProgram@ShaderUtil@@SAIPEBD0@Z)'
LINK : warning LNK4217: symbol '__glewActiveTexture' defined in 'glew32s.lib(glew.obj)' is imported by 'TestTexture.obj' in function '"public: virtual void __cdecl TestTexture::Render(float)" (?Render@TestTexture@@UEAAXM@Z)'
LINK : warning LNK4217: symbol '__glewGenerateMipmap' defined in 'glew32s.lib(glew.obj)' is imported by 'TestTexture.obj' in function '"public: virtual void __cdecl TestTexture::Initialize(void)" (?Initialize@TestTexture@@UEAAXXZ)'
  RubiksCube.vcxproj -> X:\Studium\Wintersemester23_24\Spielekonsolenprogrammierung\RubiksCube\x64\Debug\RubiksCube.exe
