x:\studium\wintersemester23_24\spielekonsolenprogrammierung\rubikscube\x64\release\vc143.pdb
x:\studium\wintersemester23_24\spielekonsolenprogrammierung\rubikscube\x64\release\testtriangle.obj
x:\studium\wintersemester23_24\spielekonsolenprogrammierung\rubikscube\x64\release\testtexture.obj
x:\studium\wintersemester23_24\spielekonsolenprogrammierung\rubikscube\x64\release\testsound.obj
x:\studium\wintersemester23_24\spielekonsolenprogrammierung\rubikscube\x64\release\testmouse.obj
x:\studium\wintersemester23_24\spielekonsolenprogrammierung\rubikscube\x64\release\testkey.obj
x:\studium\wintersemester23_24\spielekonsolenprogrammierung\rubikscube\x64\release\testglm.obj
x:\studium\wintersemester23_24\spielekonsolenprogrammierung\rubikscube\x64\release\testcubie.obj
x:\studium\wintersemester23_24\spielekonsolenprogrammierung\rubikscube\x64\release\testcompoundcube.obj
x:\studium\wintersemester23_24\spielekonsolenprogrammierung\rubikscube\x64\release\simplecubierenderer.obj
x:\studium\wintersemester23_24\spielekonsolenprogrammierung\rubikscube\x64\release\shaderutil.obj
x:\studium\wintersemester23_24\spielekonsolenprogrammierung\rubikscube\x64\release\rubikscube.obj
x:\studium\wintersemester23_24\spielekonsolenprogrammierung\rubikscube\x64\release\keyboardobserver.obj
x:\studium\wintersemester23_24\spielekonsolenprogrammierung\rubikscube\x64\release\inputsystem.obj
x:\studium\wintersemester23_24\spielekonsolenprogrammierung\rubikscube\x64\release\gameinterface.obj
x:\studium\wintersemester23_24\spielekonsolenprogrammierung\rubikscube\x64\release\finalcube.obj
x:\studium\wintersemester23_24\spielekonsolenprogrammierung\rubikscube\x64\release\cubierenderer.obj
x:\studium\wintersemester23_24\spielekonsolenprogrammierung\rubikscube\x64\release\fsimple.glsl
x:\studium\wintersemester23_24\spielekonsolenprogrammierung\rubikscube\x64\release\vsimple.glsl
x:\studium\wintersemester23_24\spielekonsolenprogrammierung\rubikscube\x64\release\ftexture.glsl
x:\studium\wintersemester23_24\spielekonsolenprogrammierung\rubikscube\x64\release\vtexture.glsl
x:\studium\wintersemester23_24\spielekonsolenprogrammierung\rubikscube\x64\release\texture.jpg
x:\studium\wintersemester23_24\spielekonsolenprogrammierung\rubikscube\x64\release\rubikscube.exe
x:\studium\wintersemester23_24\spielekonsolenprogrammierung\rubikscube\x64\release\rubikscube.pdb
x:\studium\wintersemester23_24\spielekonsolenprogrammierung\rubikscube\x64\release\rubikscube.ipdb
x:\studium\wintersemester23_24\spielekonsolenprogrammierung\rubikscube\x64\release\rubikscube.iobj
x:\studium\wintersemester23_24\spielekonsolenprogrammierung\rubikscube\x64\release\rubikscube.tlog\cl.command.1.tlog
x:\studium\wintersemester23_24\spielekonsolenprogrammierung\rubikscube\x64\release\rubikscube.tlog\cl.items.tlog
x:\studium\wintersemester23_24\spielekonsolenprogrammierung\rubikscube\x64\release\rubikscube.tlog\cl.read.1.tlog
x:\studium\wintersemester23_24\spielekonsolenprogrammierung\rubikscube\x64\release\rubikscube.tlog\cl.write.1.tlog
x:\studium\wintersemester23_24\spielekonsolenprogrammierung\rubikscube\x64\release\rubikscube.tlog\copyfile.command.1.tlog
x:\studium\wintersemester23_24\spielekonsolenprogrammierung\rubikscube\x64\release\rubikscube.tlog\copyfile.read.1.tlog
x:\studium\wintersemester23_24\spielekonsolenprogrammierung\rubikscube\x64\release\rubikscube.tlog\copyfile.write.1.tlog
x:\studium\wintersemester23_24\spielekonsolenprogrammierung\rubikscube\x64\release\rubikscube.tlog\link.command.1.tlog
x:\studium\wintersemester23_24\spielekonsolenprogrammierung\rubikscube\x64\release\rubikscube.tlog\link.read.1.tlog
x:\studium\wintersemester23_24\spielekonsolenprogrammierung\rubikscube\x64\release\rubikscube.tlog\link.write.1.tlog
x:\studium\wintersemester23_24\spielekonsolenprogrammierung\rubikscube\x64\release\rubikscube.tlog\link.write.2u.tlog
